Arguments: 
  /usr/local/Cellar/node/16.9.1/bin/node /usr/local/bin/yarn add axiox

PATH: 
  /usr/local/bin:/usr/bin:/bin:/usr/sbin:/sbin

Yarn version: 
  1.22.11

Node version: 
  16.9.1

Platform: 
  darwin x64

Trace: 
  Error: https://registry.npm.taobao.org/axiox: Not found
      at Request.params.callback [as _callback] (/usr/local/lib/node_modules/yarn/lib/cli.js:66992:18)
      at Request.self.callback (/usr/local/lib/node_modules/yarn/lib/cli.js:140763:22)
      at Request.emit (node:events:394:28)
      at Request.<anonymous> (/usr/local/lib/node_modules/yarn/lib/cli.js:141735:10)
      at Request.emit (node:events:394:28)
      at IncomingMessage.<anonymous> (/usr/local/lib/node_modules/yarn/lib/cli.js:141657:12)
      at Object.onceWrapper (node:events:513:28)
      at IncomingMessage.emit (node:events:406:35)
      at endReadableNT (node:internal/streams/readable:1343:12)
      at processTicksAndRejections (node:internal/process/task_queues:83:21)

npm manifest: 
  {
    "name": "vue-pc",
    "version": "1.0.0",
    "description": "admin -project",
    "main": "index.js",
    "scripts": {
      "test": "echo vue project",
      "build": "npx webpack --config webpack.config.js"
    },
    "keywords": [
      "vue、axios、antd-design-vue"
    ],
    "author": "hhf",
    "license": "ISC",
    "devDependencies": {
      "clean-webpack-plugin": "^4.0.0",
      "html-webpack-plugin": "^5.5.0",
      "webpack": "^5.61.0",
      "webpack-cli": "^4.9.1"
    },
    "dependencies": {
      "vue": "^2.6.14"
    }
  }

yarn manifest: 
  No manifest

Lockfile: 
  # THIS IS AN AUTOGENERATED FILE. DO NOT EDIT THIS FILE DIRECTLY.
  # yarn lockfile v1
  
  
  "@discoveryjs/json-ext@^0.5.0":
    version "0.5.5"
    resolved "https://registry.nlark.com/@discoveryjs/json-ext/download/@discoveryjs/json-ext-0.5.5.tgz?cache=0&sync_timestamp=1631662271843&other_urls=https%3A%2F%2Fregistry.nlark.com%2F%40discoveryjs%2Fjson-ext%2Fdownload%2F%40discoveryjs%2Fjson-ext-0.5.5.tgz#9283c9ce5b289a3c4f61c12757469e59377f81f3"
    integrity sha1-koPJzlsomjxPYcEnV0aeWTd/gfM=
  
  "@types/eslint-scope@^3.7.0":
    version "3.7.1"
    resolved "https://registry.nlark.com/@types/eslint-scope/download/@types/eslint-scope-3.7.1.tgz#8dc390a7b4f9dd9f1284629efce982e41612116e"
    integrity sha1-jcOQp7T53Z8ShGKe/OmC5BYSEW4=
    dependencies:
      "@types/eslint" "*"
      "@types/estree" "*"
  
  "@types/eslint@*":
    version "7.28.2"
    resolved "https://registry.npmmirror.com/@types/eslint/download/@types/eslint-7.28.2.tgz#0ff2947cdd305897c52d5372294e8c76f351db68"
    integrity sha1-D/KUfN0wWJfFLVNyKU6MdvNR22g=
    dependencies:
      "@types/estree" "*"
      "@types/json-schema" "*"
  
  "@types/estree@*", "@types/estree@^0.0.50":
    version "0.0.50"
    resolved "https://registry.nlark.com/@types/estree/download/@types/estree-0.0.50.tgz#1e0caa9364d3fccd2931c3ed96fdbeaa5d4cca83"
    integrity sha1-Hgyqk2TT/M0pMcPtlv2+ql1MyoM=
  
  "@types/glob@^7.1.1":
    version "7.2.0"
    resolved "https://registry.npmmirror.com/@types/glob/download/@types/glob-7.2.0.tgz#bc1b5bf3aa92f25bd5dd39f35c57361bdce5b2eb"
    integrity sha1-vBtb86qS8lvV3TnzXFc2G9zlsus=
    dependencies:
      "@types/minimatch" "*"
      "@types/node" "*"
  
  "@types/html-minifier-terser@^6.0.0":
    version "6.0.0"
    resolved "https://registry.nlark.com/@types/html-minifier-terser/download/@types/html-minifier-terser-6.0.0.tgz#563c1c6c132cd204e71512f9c0b394ff90d3fae7"
    integrity sha1-VjwcbBMs0gTnFRL5wLOU/5DT+uc=
  
  "@types/json-schema@*", "@types/json-schema@^7.0.8":
    version "7.0.9"
    resolved "https://registry.nlark.com/@types/json-schema/download/@types/json-schema-7.0.9.tgz?cache=0&sync_timestamp=1629708189890&other_urls=https%3A%2F%2Fregistry.nlark.com%2F%40types%2Fjson-schema%2Fdownload%2F%40types%2Fjson-schema-7.0.9.tgz#97edc9037ea0c38585320b28964dde3b39e4660d"
    integrity sha1-l+3JA36gw4WFMgsolk3eOznkZg0=
  
  "@types/minimatch@*":
    version "3.0.5"
    resolved "https://registry.nlark.com/@types/minimatch/download/@types/minimatch-3.0.5.tgz?cache=0&sync_timestamp=1629708337307&other_urls=https%3A%2F%2Fregistry.nlark.com%2F%40types%2Fminimatch%2Fdownload%2F%40types%2Fminimatch-3.0.5.tgz#1001cc5e6a3704b83c236027e77f2f58ea010f40"
    integrity sha1-EAHMXmo3BLg8I2An538vWOoBD0A=
  
  "@types/node@*":
    version "16.11.6"
    resolved "https://registry.npmmirror.com/@types/node/download/@types/node-16.11.6.tgz?cache=0&sync_timestamp=1635213413252&other_urls=https%3A%2F%2Fregistry.npmmirror.com%2F%40types%2Fnode%2Fdownload%2F%40types%2Fnode-16.11.6.tgz#6bef7a2a0ad684cf6e90fcfe31cecabd9ce0a3ae"
    integrity sha1-a+96KgrWhM9ukPz+Mc7KvZzgo64=
  
  "@webassemblyjs/ast@1.11.1":
    version "1.11.1"
    resolved "https://registry.nlark.com/@webassemblyjs/ast/download/@webassemblyjs/ast-1.11.1.tgz?cache=0&sync_timestamp=1625473420080&other_urls=https%3A%2F%2Fregistry.nlark.com%2F%40webassemblyjs%2Fast%2Fdownload%2F%40webassemblyjs%2Fast-1.11.1.tgz#2bfd767eae1a6996f432ff7e8d7fc75679c0b6a7"
    integrity sha1-K/12fq4aaZb0Mv9+jX/HVnnAtqc=
    dependencies:
      "@webassemblyjs/helper-numbers" "1.11.1"
      "@webassemblyjs/helper-wasm-bytecode" "1.11.1"
  
  "@webassemblyjs/floating-point-hex-parser@1.11.1":
    version "1.11.1"
    resolved "https://registry.nlark.com/@webassemblyjs/floating-point-hex-parser/download/@webassemblyjs/floating-point-hex-parser-1.11.1.tgz#f6c61a705f0fd7a6aecaa4e8198f23d9dc179e4f"
    integrity sha1-9sYacF8P16auyqToGY8j2dwXnk8=
  
  "@webassemblyjs/helper-api-error@1.11.1":
    version "1.11.1"
    resolved "https://registry.nlark.com/@webassemblyjs/helper-api-error/download/@webassemblyjs/helper-api-error-1.11.1.tgz?cache=0&sync_timestamp=1625473412127&other_urls=https%3A%2F%2Fregistry.nlark.com%2F%40webassemblyjs%2Fhelper-api-error%2Fdownload%2F%40webassemblyjs%2Fhelper-api-error-1.11.1.tgz#1a63192d8788e5c012800ba6a7a46c705288fd16"
    integrity sha1-GmMZLYeI5cASgAump6RscFKI/RY=
  
  "@webassemblyjs/helper-buffer@1.11.1":
    version "1.11.1"
    resolved "https://registry.nlark.com/@webassemblyjs/helper-buffer/download/@webassemblyjs/helper-buffer-1.11.1.tgz?cache=0&sync_timestamp=1625473414638&other_urls=https%3A%2F%2Fregistry.nlark.com%2F%40webassemblyjs%2Fhelper-buffer%2Fdownload%2F%40webassemblyjs%2Fhelper-buffer-1.11.1.tgz#832a900eb444884cde9a7cad467f81500f5e5ab5"
    integrity sha1-gyqQDrREiEzemnytRn+BUA9eWrU=
  
  "@webassemblyjs/helper-numbers@1.11.1":
    version "1.11.1"
    resolved "https://registry.nlark.com/@webassemblyjs/helper-numbers/download/@webassemblyjs/helper-numbers-1.11.1.tgz?cache=0&sync_timestamp=1625473464260&other_urls=https%3A%2F%2Fregistry.nlark.com%2F%40webassemblyjs%2Fhelper-numbers%2Fdownload%2F%40webassemblyjs%2Fhelper-numbers-1.11.1.tgz#64d81da219fbbba1e3bd1bfc74f6e8c4e10a62ae"
    integrity sha1-ZNgdohn7u6HjvRv8dPboxOEKYq4=
    dependencies:
      "@webassemblyjs/floating-point-hex-parser" "1.11.1"
      "@webassemblyjs/helper-api-error" "1.11.1"
      "@xtuc/long" "4.2.2"
  
  "@webassemblyjs/helper-wasm-bytecode@1.11.1":
    version "1.11.1"
    resolved "https://registry.nlark.com/@webassemblyjs/helper-wasm-bytecode/download/@webassemblyjs/helper-wasm-bytecode-1.11.1.tgz?cache=0&sync_timestamp=1625473415013&other_urls=https%3A%2F%2Fregistry.nlark.com%2F%40webassemblyjs%2Fhelper-wasm-bytecode%2Fdownload%2F%40webassemblyjs%2Fhelper-wasm-bytecode-1.11.1.tgz#f328241e41e7b199d0b20c18e88429c4433295e1"
    integrity sha1-8ygkHkHnsZnQsgwY6IQpxEMyleE=
  
  "@webassemblyjs/helper-wasm-section@1.11.1":
    version "1.11.1"
    resolved "https://registry.nlark.com/@webassemblyjs/helper-wasm-section/download/@webassemblyjs/helper-wasm-section-1.11.1.tgz#21ee065a7b635f319e738f0dd73bfbda281c097a"
    integrity sha1-Ie4GWntjXzGec48N1zv72igcCXo=
    dependencies:
      "@webassemblyjs/ast" "1.11.1"
      "@webassemblyjs/helper-buffer" "1.11.1"
      "@webassemblyjs/helper-wasm-bytecode" "1.11.1"
      "@webassemblyjs/wasm-gen" "1.11.1"
  
  "@webassemblyjs/ieee754@1.11.1":
    version "1.11.1"
    resolved "https://registry.nlark.com/@webassemblyjs/ieee754/download/@webassemblyjs/ieee754-1.11.1.tgz#963929e9bbd05709e7e12243a099180812992614"
    integrity sha1-ljkp6bvQVwnn4SJDoJkYCBKZJhQ=
    dependencies:
      "@xtuc/ieee754" "^1.2.0"
  
  "@webassemblyjs/leb128@1.11.1":
    version "1.11.1"
    resolved "https://registry.nlark.com/@webassemblyjs/leb128/download/@webassemblyjs/leb128-1.11.1.tgz#ce814b45574e93d76bae1fb2644ab9cdd9527aa5"
    integrity sha1-zoFLRVdOk9drrh+yZEq5zdlSeqU=
    dependencies:
      "@xtuc/long" "4.2.2"
  
  "@webassemblyjs/utf8@1.11.1":
    version "1.11.1"
    resolved "https://registry.nlark.com/@webassemblyjs/utf8/download/@webassemblyjs/utf8-1.11.1.tgz?cache=0&sync_timestamp=1625473462317&other_urls=https%3A%2F%2Fregistry.nlark.com%2F%40webassemblyjs%2Futf8%2Fdownload%2F%40webassemblyjs%2Futf8-1.11.1.tgz#d1f8b764369e7c6e6bae350e854dec9a59f0a3ff"
    integrity sha1-0fi3ZDaefG5rrjUOhU3smlnwo/8=
  
  "@webassemblyjs/wasm-edit@1.11.1":
    version "1.11.1"
    resolved "https://registry.nlark.com/@webassemblyjs/wasm-edit/download/@webassemblyjs/wasm-edit-1.11.1.tgz?cache=0&sync_timestamp=1625473490556&other_urls=https%3A%2F%2Fregistry.nlark.com%2F%40webassemblyjs%2Fwasm-edit%2Fdownload%2F%40webassemblyjs%2Fwasm-edit-1.11.1.tgz#ad206ebf4bf95a058ce9880a8c092c5dec8193d6"
    integrity sha1-rSBuv0v5WgWM6YgKjAksXeyBk9Y=
    dependencies:
      "@webassemblyjs/ast" "1.11.1"
      "@webassemblyjs/helper-buffer" "1.11.1"
      "@webassemblyjs/helper-wasm-bytecode" "1.11.1"
      "@webassemblyjs/helper-wasm-section" "1.11.1"
      "@webassemblyjs/wasm-gen" "1.11.1"
      "@webassemblyjs/wasm-opt" "1.11.1"
      "@webassemblyjs/wasm-parser" "1.11.1"
      "@webassemblyjs/wast-printer" "1.11.1"
  
  "@webassemblyjs/wasm-gen@1.11.1":
    version "1.11.1"
    resolved "https://registry.nlark.com/@webassemblyjs/wasm-gen/download/@webassemblyjs/wasm-gen-1.11.1.tgz?cache=0&sync_timestamp=1625473361759&other_urls=https%3A%2F%2Fregistry.nlark.com%2F%40webassemblyjs%2Fwasm-gen%2Fdownload%2F%40webassemblyjs%2Fwasm-gen-1.11.1.tgz#86c5ea304849759b7d88c47a32f4f039ae3c8f76"
    integrity sha1-hsXqMEhJdZt9iMR6MvTwOa48j3Y=
    dependencies:
      "@webassemblyjs/ast" "1.11.1"
      "@webassemblyjs/helper-wasm-bytecode" "1.11.1"
      "@webassemblyjs/ieee754" "1.11.1"
      "@webassemblyjs/leb128" "1.11.1"
      "@webassemblyjs/utf8" "1.11.1"
  
  "@webassemblyjs/wasm-opt@1.11.1":
    version "1.11.1"
    resolved "https://registry.nlark.com/@webassemblyjs/wasm-opt/download/@webassemblyjs/wasm-opt-1.11.1.tgz?cache=0&sync_timestamp=1625473467198&other_urls=https%3A%2F%2Fregistry.nlark.com%2F%40webassemblyjs%2Fwasm-opt%2Fdownload%2F%40webassemblyjs%2Fwasm-opt-1.11.1.tgz#657b4c2202f4cf3b345f8a4c6461c8c2418985f2"
    integrity sha1-ZXtMIgL0zzs0X4pMZGHIwkGJhfI=
    dependencies:
      "@webassemblyjs/ast" "1.11.1"
      "@webassemblyjs/helper-buffer" "1.11.1"
      "@webassemblyjs/wasm-gen" "1.11.1"
      "@webassemblyjs/wasm-parser" "1.11.1"
  
  "@webassemblyjs/wasm-parser@1.11.1":
    version "1.11.1"
    resolved "https://registry.nlark.com/@webassemblyjs/wasm-parser/download/@webassemblyjs/wasm-parser-1.11.1.tgz?cache=0&sync_timestamp=1625473464593&other_urls=https%3A%2F%2Fregistry.nlark.com%2F%40webassemblyjs%2Fwasm-parser%2Fdownload%2F%40webassemblyjs%2Fwasm-parser-1.11.1.tgz#86ca734534f417e9bd3c67c7a1c75d8be41fb199"
    integrity sha1-hspzRTT0F+m9PGfHocddi+QfsZk=
    dependencies:
      "@webassemblyjs/ast" "1.11.1"
      "@webassemblyjs/helper-api-error" "1.11.1"
      "@webassemblyjs/helper-wasm-bytecode" "1.11.1"
      "@webassemblyjs/ieee754" "1.11.1"
      "@webassemblyjs/leb128" "1.11.1"
      "@webassemblyjs/utf8" "1.11.1"
  
  "@webassemblyjs/wast-printer@1.11.1":
    version "1.11.1"
    resolved "https://registry.nlark.com/@webassemblyjs/wast-printer/download/@webassemblyjs/wast-printer-1.11.1.tgz#d0c73beda8eec5426f10ae8ef55cee5e7084c2f0"
    integrity sha1-0Mc77ajuxUJvEK6O9VzuXnCEwvA=
    dependencies:
      "@webassemblyjs/ast" "1.11.1"
      "@xtuc/long" "4.2.2"
  
  "@webpack-cli/configtest@^1.1.0":
    version "1.1.0"
    resolved "https://registry.npmmirror.com/@webpack-cli/configtest/download/@webpack-cli/configtest-1.1.0.tgz#8342bef0badfb7dfd3b576f2574ab80c725be043"
    integrity sha1-g0K+8Lrft9/TtXbyV0q4DHJb4EM=
  
  "@webpack-cli/info@^1.4.0":
    version "1.4.0"
    resolved "https://registry.npmmirror.com/@webpack-cli/info/download/@webpack-cli/info-1.4.0.tgz#b9179c3227ab09cbbb149aa733475fcf99430223"
    integrity sha1-uRecMierCcu7FJqnM0dfz5lDAiM=
    dependencies:
      envinfo "^7.7.3"
  
  "@webpack-cli/serve@^1.6.0":
    version "1.6.0"
    resolved "https://registry.npmmirror.com/@webpack-cli/serve/download/@webpack-cli/serve-1.6.0.tgz#2c275aa05c895eccebbfc34cfb223c6e8bd591a2"
    integrity sha1-LCdaoFyJXszrv8NM+yI8bovVkaI=
  
  "@xtuc/ieee754@^1.2.0":
    version "1.2.0"
    resolved "https://registry.nlark.com/@xtuc/ieee754/download/@xtuc/ieee754-1.2.0.tgz#eef014a3145ae477a1cbc00cd1e552336dceb790"
    integrity sha1-7vAUoxRa5Hehy8AM0eVSM23Ot5A=
  
  "@xtuc/long@4.2.2":
    version "4.2.2"
    resolved "https://registry.npm.taobao.org/@xtuc/long/download/@xtuc/long-4.2.2.tgz#d291c6a4e97989b5c61d9acf396ae4fe133a718d"
    integrity sha1-0pHGpOl5ibXGHZrPOWrk/hM6cY0=
  
  acorn-import-assertions@^1.7.6:
    version "1.8.0"
    resolved "https://registry.npmmirror.com/acorn-import-assertions/download/acorn-import-assertions-1.8.0.tgz?cache=0&sync_timestamp=1633349407828&other_urls=https%3A%2F%2Fregistry.npmmirror.com%2Facorn-import-assertions%2Fdownload%2Facorn-import-assertions-1.8.0.tgz#ba2b5939ce62c238db6d93d81c9b111b29b855e9"
    integrity sha1-uitZOc5iwjjbbZPYHJsRGym4Vek=
  
  acorn@^8.4.1:
    version "8.5.0"
    resolved "https://registry.nlark.com/acorn/download/acorn-8.5.0.tgz#4512ccb99b3698c752591e9bb4472e38ad43cee2"
    integrity sha1-RRLMuZs2mMdSWR6btEcuOK1DzuI=
  
  ajv-keywords@^3.5.2:
    version "3.5.2"
    resolved "https://registry.nlark.com/ajv-keywords/download/ajv-keywords-3.5.2.tgz#31f29da5ab6e00d1c2d329acf7b5929614d5014d"
    integrity sha1-MfKdpatuANHC0yms97WSlhTVAU0=
  
  ajv@^6.12.5:
    version "6.12.6"
    resolved "https://registry.nlark.com/ajv/download/ajv-6.12.6.tgz?cache=0&sync_timestamp=1631470912358&other_urls=https%3A%2F%2Fregistry.nlark.com%2Fajv%2Fdownload%2Fajv-6.12.6.tgz#baf5a62e802b07d977034586f8c3baf5adf26df4"
    integrity sha1-uvWmLoArB9l3A0WG+MO69a3ybfQ=
    dependencies:
      fast-deep-equal "^3.1.1"
      fast-json-stable-stringify "^2.0.0"
      json-schema-traverse "^0.4.1"
      uri-js "^4.2.2"
  
  ansi-regex@^5.0.1:
    version "5.0.1"
    resolved "https://registry.nlark.com/ansi-regex/download/ansi-regex-5.0.1.tgz?cache=0&sync_timestamp=1631634988487&other_urls=https%3A%2F%2Fregistry.nlark.com%2Fansi-regex%2Fdownload%2Fansi-regex-5.0.1.tgz#082cb2c89c9fe8659a311a53bd6a4dc5301db304"
    integrity sha1-CCyyyJyf6GWaMRpTvWpNxTAdswQ=
  
  array-union@^1.0.1:
    version "1.0.2"
    resolved "https://registry.npm.taobao.org/array-union/download/array-union-1.0.2.tgz?cache=0&sync_timestamp=1614624262896&other_urls=https%3A%2F%2Fregistry.npm.taobao.org%2Farray-union%2Fdownload%2Farray-union-1.0.2.tgz#9a34410e4f4e3da23dea375be5be70f24778ec39"
    integrity sha1-mjRBDk9OPaI96jdb5b5w8kd47Dk=
    dependencies:
      array-uniq "^1.0.1"
  
  array-uniq@^1.0.1:
    version "1.0.3"
    resolved "https://registry.nlark.com/array-uniq/download/array-uniq-1.0.3.tgz#af6ac877a25cc7f74e058894753858dfdb24fdb6"
    integrity sha1-r2rId6Jcx/dOBYiUdThY39sk/bY=
  
  balanced-match@^1.0.0:
    version "1.0.2"
    resolved "https://registry.npm.taobao.org/balanced-match/download/balanced-match-1.0.2.tgz?cache=0&sync_timestamp=1617714233441&other_urls=https%3A%2F%2Fregistry.npm.taobao.org%2Fbalanced-match%2Fdownload%2Fbalanced-match-1.0.2.tgz#e83e3a7e3f300b34cb9d87f615fa0cbf357690ee"
    integrity sha1-6D46fj8wCzTLnYf2FfoMvzV2kO4=
  
  boolbase@^1.0.0:
    version "1.0.0"
    resolved "https://registry.nlark.com/boolbase/download/boolbase-1.0.0.tgz#68dff5fbe60c51eb37725ea9e3ed310dcc1e776e"
    integrity sha1-aN/1++YMUes3cl6p4+0xDcwed24=
  
  brace-expansion@^1.1.7:
    version "1.1.11"
    resolved "https://registry.nlark.com/brace-expansion/download/brace-expansion-1.1.11.tgz#3c7fcbf529d87226f3d2f52b966ff5271eb441dd"
    integrity sha1-PH/L9SnYcibz0vUrlm/1Jx60Qd0=
    dependencies:
      balanced-match "^1.0.0"
      concat-map "0.0.1"
  
  browserslist@^4.14.5:
    version "4.17.5"
    resolved "https://registry.npmmirror.com/browserslist/download/browserslist-4.17.5.tgz?cache=0&sync_timestamp=1635094525679&other_urls=https%3A%2F%2Fregistry.npmmirror.com%2Fbrowserslist%2Fdownload%2Fbrowserslist-4.17.5.tgz#c827bbe172a4c22b123f5e337533ceebadfdd559"
    integrity sha1-yCe74XKkwisSP14zdTPO66391Vk=
    dependencies:
      caniuse-lite "^1.0.30001271"
      electron-to-chromium "^1.3.878"
      escalade "^3.1.1"
      node-releases "^2.0.1"
      picocolors "^1.0.0"
  
  buffer-from@^1.0.0:
    version "1.1.2"
    resolved "https://registry.nlark.com/buffer-from/download/buffer-from-1.1.2.tgz?cache=0&sync_timestamp=1627578450949&other_urls=https%3A%2F%2Fregistry.nlark.com%2Fbuffer-from%2Fdownload%2Fbuffer-from-1.1.2.tgz#2b146a6fd72e80b4f55d255f35ed59a3a9a41bd5"
    integrity sha1-KxRqb9cugLT1XSVfNe1Zo6mkG9U=
  
  camel-case@^4.1.2:
    version "4.1.2"
    resolved "https://registry.nlark.com/camel-case/download/camel-case-4.1.2.tgz#9728072a954f805228225a6deea6b38461e1bd5a"
    integrity sha1-lygHKpVPgFIoIlpt7qazhGHhvVo=
    dependencies:
      pascal-case "^3.1.2"
      tslib "^2.0.3"
  
  caniuse-lite@^1.0.30001271:
    version "1.0.30001272"
    resolved "https://registry.npmmirror.com/caniuse-lite/download/caniuse-lite-1.0.30001272.tgz#8e9790ff995e9eb6e1f4c45cd07ddaa87cddbb14"
    integrity sha1-jpeQ/5lenrbh9MRc0H3aqHzduxQ=
  
  chrome-trace-event@^1.0.2:
    version "1.0.3"
    resolved "https://registry.nlark.com/chrome-trace-event/download/chrome-trace-event-1.0.3.tgz#1015eced4741e15d06664a957dbbf50d041e26ac"
    integrity sha1-EBXs7UdB4V0GZkqVfbv1DQQeJqw=
  
  clean-css@^5.1.5:
    version "5.2.2"
    resolved "https://registry.npmmirror.com/clean-css/download/clean-css-5.2.2.tgz?cache=0&sync_timestamp=1634992314911&other_urls=https%3A%2F%2Fregistry.npmmirror.com%2Fclean-css%2Fdownload%2Fclean-css-5.2.2.tgz#d3a7c6ee2511011e051719838bdcf8314dc4548d"
    integrity sha1-06fG7iURAR4FFxmDi9z4MU3EVI0=
    dependencies:
      source-map "~0.6.0"
  
  clean-webpack-plugin@^4.0.0:
    version "4.0.0"
    resolved "https://registry.nlark.com/clean-webpack-plugin/download/clean-webpack-plugin-4.0.0.tgz?cache=0&sync_timestamp=1630504238147&other_urls=https%3A%2F%2Fregistry.nlark.com%2Fclean-webpack-plugin%2Fdownload%2Fclean-webpack-plugin-4.0.0.tgz#72947d4403d452f38ed61a9ff0ada8122aacd729"
    integrity sha1-cpR9RAPUUvOO1hqf8K2oEiqs1yk=
    dependencies:
      del "^4.1.1"
  
  clone-deep@^4.0.1:
    version "4.0.1"
    resolved "https://registry.nlark.com/clone-deep/download/clone-deep-4.0.1.tgz#c19fd9bdbbf85942b4fd979c84dcf7d5f07c2387"
    integrity sha1-wZ/Zvbv4WUK0/ZechNz31fB8I4c=
    dependencies:
      is-plain-object "^2.0.4"
      kind-of "^6.0.2"
      shallow-clone "^3.0.0"
  
  colorette@^2.0.14:
    version "2.0.16"
    resolved "https://registry.npmmirror.com/colorette/download/colorette-2.0.16.tgz?cache=0&sync_timestamp=1633673160250&other_urls=https%3A%2F%2Fregistry.npmmirror.com%2Fcolorette%2Fdownload%2Fcolorette-2.0.16.tgz#713b9af84fdb000139f04546bd4a93f62a5085da"
    integrity sha1-cTua+E/bAAE58EVGvUqT9ipQhdo=
  
  commander@^2.20.0:
    version "2.20.3"
    resolved "https://registry.npmmirror.com/commander/download/commander-2.20.3.tgz?cache=0&sync_timestamp=1634886357672&other_urls=https%3A%2F%2Fregistry.npmmirror.com%2Fcommander%2Fdownload%2Fcommander-2.20.3.tgz#fd485e84c03eb4881c20722ba48035e8531aeb33"
    integrity sha1-/UhehMA+tIgcIHIrpIA16FMa6zM=
  
  commander@^7.0.0:
    version "7.2.0"
    resolved "https://registry.npmmirror.com/commander/download/commander-7.2.0.tgz?cache=0&sync_timestamp=1634886357672&other_urls=https%3A%2F%2Fregistry.npmmirror.com%2Fcommander%2Fdownload%2Fcommander-7.2.0.tgz#a36cb57d0b501ce108e4d20559a150a391d97ab7"
    integrity sha1-o2y1fQtQHOEI5NIFWaFQo5HZerc=
  
  commander@^8.1.0:
    version "8.3.0"
    resolved "https://registry.npmmirror.com/commander/download/commander-8.3.0.tgz?cache=0&sync_timestamp=1634886357672&other_urls=https%3A%2F%2Fregistry.npmmirror.com%2Fcommander%2Fdownload%2Fcommander-8.3.0.tgz#4837ea1b2da67b9c616a67afbb0fafee567bca66"
    integrity sha1-SDfqGy2me5xhamevuw+v7lZ7ymY=
  
  concat-map@0.0.1:
    version "0.0.1"
    resolved "https://registry.npm.taobao.org/concat-map/download/concat-map-0.0.1.tgz#d8a96bd77fd68df7793a73036a3ba0d5405d477b"
    integrity sha1-2Klr13/Wjfd5OnMDajug1UBdR3s=
  
  cross-spawn@^7.0.3:
    version "7.0.3"
    resolved "https://registry.nlark.com/cross-spawn/download/cross-spawn-7.0.3.tgz#f73a85b9d5d41d045551c177e2882d4ac85728a6"
    integrity sha1-9zqFudXUHQRVUcF34ogtSshXKKY=
    dependencies:
      path-key "^3.1.0"
      shebang-command "^2.0.0"
      which "^2.0.1"
  
  css-select@^4.1.3:
    version "4.1.3"
    resolved "https://registry.nlark.com/css-select/download/css-select-4.1.3.tgz?cache=0&sync_timestamp=1622994276976&other_urls=https%3A%2F%2Fregistry.nlark.com%2Fcss-select%2Fdownload%2Fcss-select-4.1.3.tgz#a70440f70317f2669118ad74ff105e65849c7067"
    integrity sha1-pwRA9wMX8maRGK10/xBeZYSccGc=
    dependencies:
      boolbase "^1.0.0"
      css-what "^5.0.0"
      domhandler "^4.2.0"
      domutils "^2.6.0"
      nth-check "^2.0.0"
  
  css-what@^5.0.0:
    version "5.1.0"
    resolved "https://registry.npmmirror.com/css-what/download/css-what-5.1.0.tgz?cache=0&sync_timestamp=1633863955744&other_urls=https%3A%2F%2Fregistry.npmmirror.com%2Fcss-what%2Fdownload%2Fcss-what-5.1.0.tgz#3f7b707aadf633baf62c2ceb8579b545bb40f7fe"
    integrity sha1-P3tweq32M7r2LCzrhXm1RbtA9/4=
  
  del@^4.1.1:
    version "4.1.1"
    resolved "https://registry.npm.taobao.org/del/download/del-4.1.1.tgz#9e8f117222ea44a31ff3a156c049b99052a9f0b4"
    integrity sha1-no8RciLqRKMf86FWwEm5kFKp8LQ=
    dependencies:
      "@types/glob" "^7.1.1"
      globby "^6.1.0"
      is-path-cwd "^2.0.0"
      is-path-in-cwd "^2.0.0"
      p-map "^2.0.0"
      pify "^4.0.1"
      rimraf "^2.6.3"
  
  dom-converter@^0.2.0:
    version "0.2.0"
    resolved "https://registry.npm.taobao.org/dom-converter/download/dom-converter-0.2.0.tgz#6721a9daee2e293682955b6afe416771627bb768"
    integrity sha1-ZyGp2u4uKTaClVtq/kFncWJ7t2g=
    dependencies:
      utila "~0.4"
  
  dom-serializer@^1.0.1:
    version "1.3.2"
    resolved "https://registry.nlark.com/dom-serializer/download/dom-serializer-1.3.2.tgz?cache=0&sync_timestamp=1621256918158&other_urls=https%3A%2F%2Fregistry.nlark.com%2Fdom-serializer%2Fdownload%2Fdom-serializer-1.3.2.tgz#6206437d32ceefaec7161803230c7a20bc1b4d91"
    integrity sha1-YgZDfTLO767HFhgDIwx6ILwbTZE=
    dependencies:
      domelementtype "^2.0.1"
      domhandler "^4.2.0"
      entities "^2.0.0"
  
  domelementtype@^2.0.1, domelementtype@^2.2.0:
    version "2.2.0"
    resolved "https://registry.nlark.com/domelementtype/download/domelementtype-2.2.0.tgz#9a0b6c2782ed6a1c7323d42267183df9bd8b1d57"
    integrity sha1-mgtsJ4LtahxzI9QiZxg9+b2LHVc=
  
  domhandler@^4.0.0, domhandler@^4.2.0:
    version "4.2.2"
    resolved "https://registry.nlark.com/domhandler/download/domhandler-4.2.2.tgz?cache=0&sync_timestamp=1630246856104&other_urls=https%3A%2F%2Fregistry.nlark.com%2Fdomhandler%2Fdownload%2Fdomhandler-4.2.2.tgz#e825d721d19a86b8c201a35264e226c678ee755f"
    integrity sha1-6CXXIdGahrjCAaNSZOImxnjudV8=
    dependencies:
      domelementtype "^2.2.0"
  
  domutils@^2.5.2, domutils@^2.6.0:
    version "2.8.0"
    resolved "https://registry.nlark.com/domutils/download/domutils-2.8.0.tgz?cache=0&sync_timestamp=1630106695284&other_urls=https%3A%2F%2Fregistry.nlark.com%2Fdomutils%2Fdownload%2Fdomutils-2.8.0.tgz#4437def5db6e2d1f5d6ee859bd95ca7d02048135"
    integrity sha1-RDfe9dtuLR9dbuhZvZXKfQIEgTU=
    dependencies:
      dom-serializer "^1.0.1"
      domelementtype "^2.2.0"
      domhandler "^4.2.0"
  
  dot-case@^3.0.4:
    version "3.0.4"
    resolved "https://registry.npm.taobao.org/dot-case/download/dot-case-3.0.4.tgz#9b2b670d00a431667a8a75ba29cd1b98809ce751"
    integrity sha1-mytnDQCkMWZ6inW6Kc0bmICc51E=
    dependencies:
      no-case "^3.0.4"
      tslib "^2.0.3"
  
  electron-to-chromium@^1.3.878:
    version "1.3.884"
    resolved "https://registry.npmmirror.com/electron-to-chromium/download/electron-to-chromium-1.3.884.tgz#0cd8c3a80271fd84a81f284c60fb3c9ecb33c166"
    integrity sha1-DNjDqAJx/YSoHyhMYPs8nsszwWY=
  
  enhanced-resolve@^5.8.3:
    version "5.8.3"
    resolved "https://registry.nlark.com/enhanced-resolve/download/enhanced-resolve-5.8.3.tgz?cache=0&sync_timestamp=1632130840337&other_urls=https%3A%2F%2Fregistry.nlark.com%2Fenhanced-resolve%2Fdownload%2Fenhanced-resolve-5.8.3.tgz#6d552d465cce0423f5b3d718511ea53826a7b2f0"
    integrity sha1-bVUtRlzOBCP1s9cYUR6lOCansvA=
    dependencies:
      graceful-fs "^4.2.4"
      tapable "^2.2.0"
  
  entities@^2.0.0:
    version "2.2.0"
    resolved "https://registry.nlark.com/entities/download/entities-2.2.0.tgz?cache=0&sync_timestamp=1628508126700&other_urls=https%3A%2F%2Fregistry.nlark.com%2Fentities%2Fdownload%2Fentities-2.2.0.tgz#098dc90ebb83d8dffa089d55256b351d34c4da55"
    integrity sha1-CY3JDruD2N/6CJ1VJWs1HTTE2lU=
  
  envinfo@^7.7.3:
    version "7.8.1"
    resolved "https://registry.npm.taobao.org/envinfo/download/envinfo-7.8.1.tgz#06377e3e5f4d379fea7ac592d5ad8927e0c4d475"
    integrity sha1-Bjd+Pl9NN5/qesWS1a2JJ+DE1HU=
  
  es-module-lexer@^0.9.0:
    version "0.9.3"
    resolved "https://registry.npmmirror.com/es-module-lexer/download/es-module-lexer-0.9.3.tgz?cache=0&sync_timestamp=1633646154044&other_urls=https%3A%2F%2Fregistry.npmmirror.com%2Fes-module-lexer%2Fdownload%2Fes-module-lexer-0.9.3.tgz#6f13db00cc38417137daf74366f535c8eb438f19"
    integrity sha1-bxPbAMw4QXE32vdDZvU1yOtDjxk=
  
  escalade@^3.1.1:
    version "3.1.1"
    resolved "https://registry.npm.taobao.org/escalade/download/escalade-3.1.1.tgz#d8cfdc7000965c5a0174b4a82eaa5c0552742e40"
    integrity sha1-2M/ccACWXFoBdLSoLqpcBVJ0LkA=
  
  eslint-scope@5.1.1:
    version "5.1.1"
    resolved "https://registry.nlark.com/eslint-scope/download/eslint-scope-5.1.1.tgz?cache=0&sync_timestamp=1627061754690&other_urls=https%3A%2F%2Fregistry.nlark.com%2Feslint-scope%2Fdownload%2Feslint-scope-5.1.1.tgz#e786e59a66cb92b3f6c1fb0d508aab174848f48c"
    integrity sha1-54blmmbLkrP2wfsNUIqrF0hI9Iw=
    dependencies:
      esrecurse "^4.3.0"
      estraverse "^4.1.1"
  
  esrecurse@^4.3.0:
    version "4.3.0"
    resolved "https://registry.npm.taobao.org/esrecurse/download/esrecurse-4.3.0.tgz#7ad7964d679abb28bee72cec63758b1c5d2c9921"
    integrity sha1-eteWTWeauyi+5yzsY3WLHF0smSE=
    dependencies:
      estraverse "^5.2.0"
  
  estraverse@^4.1.1:
    version "4.3.0"
    resolved "https://registry.npmmirror.com/estraverse/download/estraverse-4.3.0.tgz#398ad3f3c5a24948be7725e83d11a7de28cdbd1d"
    integrity sha1-OYrT88WiSUi+dyXoPRGn3ijNvR0=
  
  estraverse@^5.2.0:
    version "5.3.0"
    resolved "https://registry.npmmirror.com/estraverse/download/estraverse-5.3.0.tgz#2eea5290702f26ab8fe5370370ff86c965d21123"
    integrity sha1-LupSkHAvJquP5TcDcP+GyWXSESM=
  
  events@^3.2.0:
    version "3.3.0"
    resolved "https://registry.npm.taobao.org/events/download/events-3.3.0.tgz?cache=0&sync_timestamp=1614444838320&other_urls=https%3A%2F%2Fregistry.npm.taobao.org%2Fevents%2Fdownload%2Fevents-3.3.0.tgz#31a95ad0a924e2d2c419a813aeb2c4e878ea7400"
    integrity sha1-Mala0Kkk4tLEGagTrrLE6HjqdAA=
  
  execa@^5.0.0:
    version "5.1.1"
    resolved "https://registry.nlark.com/execa/download/execa-5.1.1.tgz#f80ad9cbf4298f7bd1d4c9555c21e93741c411dd"
    integrity sha1-+ArZy/Qpj3vR1MlVXCHpN0HEEd0=
    dependencies:
      cross-spawn "^7.0.3"
      get-stream "^6.0.0"
      human-signals "^2.1.0"
      is-stream "^2.0.0"
      merge-stream "^2.0.0"
      npm-run-path "^4.0.1"
      onetime "^5.1.2"
      signal-exit "^3.0.3"
      strip-final-newline "^2.0.0"
  
  fast-deep-equal@^3.1.1:
    version "3.1.3"
    resolved "https://registry.nlark.com/fast-deep-equal/download/fast-deep-equal-3.1.3.tgz#3a7d56b559d6cbc3eb512325244e619a65c6c525"
    integrity sha1-On1WtVnWy8PrUSMlJE5hmmXGxSU=
  
  fast-json-stable-stringify@^2.0.0:
    version "2.1.0"
    resolved "https://registry.nlark.com/fast-json-stable-stringify/download/fast-json-stable-stringify-2.1.0.tgz#874bf69c6f404c2b5d99c481341399fd55892633"
    integrity sha1-h0v2nG9ATCtdmcSBNBOZ/VWJJjM=
  
  fastest-levenshtein@^1.0.12:
    version "1.0.12"
    resolved "https://registry.nlark.com/fastest-levenshtein/download/fastest-levenshtein-1.0.12.tgz#9990f7d3a88cc5a9ffd1f1745745251700d497e2"
    integrity sha1-mZD306iMxan/0fF0V0UlFwDUl+I=
  
  find-up@^4.0.0:
    version "4.1.0"
    resolved "https://registry.npmmirror.com/find-up/download/find-up-4.1.0.tgz?cache=0&sync_timestamp=1633618631704&other_urls=https%3A%2F%2Fregistry.npmmirror.com%2Ffind-up%2Fdownload%2Ffind-up-4.1.0.tgz#97afe7d6cdc0bc5928584b7c8d7b16e8a9aa5d19"
    integrity sha1-l6/n1s3AvFkoWEt8jXsW6KmqXRk=
    dependencies:
      locate-path "^5.0.0"
      path-exists "^4.0.0"
  
  fs.realpath@^1.0.0:
    version "1.0.0"
    resolved "https://registry.nlark.com/fs.realpath/download/fs.realpath-1.0.0.tgz#1504ad2523158caa40db4a2787cb01411994ea4f"
    integrity sha1-FQStJSMVjKpA20onh8sBQRmU6k8=
  
  function-bind@^1.1.1:
    version "1.1.1"
    resolved "https://registry.nlark.com/function-bind/download/function-bind-1.1.1.tgz#a56899d3ea3c9bab874bb9773b7c5ede92f4895d"
    integrity sha1-pWiZ0+o8m6uHS7l3O3xe3pL0iV0=
  
  get-stream@^6.0.0:
    version "6.0.1"
    resolved "https://registry.npm.taobao.org/get-stream/download/get-stream-6.0.1.tgz#a262d8eef67aced57c2852ad6167526a43cbf7b7"
    integrity sha1-omLY7vZ6ztV8KFKtYWdSakPL97c=
  
  glob-to-regexp@^0.4.1:
    version "0.4.1"
    resolved "https://registry.nlark.com/glob-to-regexp/download/glob-to-regexp-0.4.1.tgz#c75297087c851b9a578bd217dd59a92f59fe546e"
    integrity sha1-x1KXCHyFG5pXi9IX3VmpL1n+VG4=
  
  glob@^7.0.3, glob@^7.1.3:
    version "7.2.0"
    resolved "https://registry.npmmirror.com/glob/download/glob-7.2.0.tgz?cache=0&other_urls=https%3A%2F%2Fregistry.npmmirror.com%2Fglob%2Fdownload%2Fglob-7.2.0.tgz#d15535af7732e02e948f4c41628bd910293f6023"
    integrity sha1-0VU1r3cy4C6Uj0xBYovZECk/YCM=
    dependencies:
      fs.realpath "^1.0.0"
      inflight "^1.0.4"
      inherits "2"
      minimatch "^3.0.4"
      once "^1.3.0"
      path-is-absolute "^1.0.0"
  
  globby@^6.1.0:
    version "6.1.0"
    resolved "https://registry.nlark.com/globby/download/globby-6.1.0.tgz?cache=0&sync_timestamp=1629801109090&other_urls=https%3A%2F%2Fregistry.nlark.com%2Fglobby%2Fdownload%2Fglobby-6.1.0.tgz#f5a6d70e8395e21c858fb0489d64df02424d506c"
    integrity sha1-9abXDoOV4hyFj7BInWTfAkJNUGw=
    dependencies:
      array-union "^1.0.1"
      glob "^7.0.3"
      object-assign "^4.0.1"
      pify "^2.0.0"
      pinkie-promise "^2.0.0"
  
  graceful-fs@^4.1.2, graceful-fs@^4.2.4:
    version "4.2.8"
    resolved "https://registry.nlark.com/graceful-fs/download/graceful-fs-4.2.8.tgz?cache=0&other_urls=https%3A%2F%2Fregistry.nlark.com%2Fgraceful-fs%2Fdownload%2Fgraceful-fs-4.2.8.tgz#e412b8d33f5e006593cbd3cee6df9f2cebbe802a"
    integrity sha1-5BK40z9eAGWTy9PO5t+fLOu+gCo=
  
  has-flag@^4.0.0:
    version "4.0.0"
    resolved "https://registry.nlark.com/has-flag/download/has-flag-4.0.0.tgz?cache=0&sync_timestamp=1626715907927&other_urls=https%3A%2F%2Fregistry.nlark.com%2Fhas-flag%2Fdownload%2Fhas-flag-4.0.0.tgz#944771fd9c81c81265c4d6941860da06bb59479b"
    integrity sha1-lEdx/ZyByBJlxNaUGGDaBrtZR5s=
  
  has@^1.0.3:
    version "1.0.3"
    resolved "https://registry.nlark.com/has/download/has-1.0.3.tgz#722d7cbfc1f6aa8241f16dd814e011e1f41e8796"
    integrity sha1-ci18v8H2qoJB8W3YFOAR4fQeh5Y=
    dependencies:
      function-bind "^1.1.1"
  
  he@^1.2.0:
    version "1.2.0"
    resolved "https://registry.nlark.com/he/download/he-1.2.0.tgz#84ae65fa7eafb165fddb61566ae14baf05664f0f"
    integrity sha1-hK5l+n6vsWX922FWauFLrwVmTw8=
  
  html-minifier-terser@^6.0.2:
    version "6.0.2"
    resolved "https://registry.nlark.com/html-minifier-terser/download/html-minifier-terser-6.0.2.tgz#14059ad64b69bf9f8b8a33f25b53411d8321e75d"
    integrity sha1-FAWa1ktpv5+LijPyW1NBHYMh510=
    dependencies:
      camel-case "^4.1.2"
      clean-css "^5.1.5"
      commander "^8.1.0"
      he "^1.2.0"
      param-case "^3.0.4"
      relateurl "^0.2.7"
      terser "^5.7.2"
  
  html-webpack-plugin@^5.5.0:
    version "5.5.0"
    resolved "https://registry.npmmirror.com/html-webpack-plugin/download/html-webpack-plugin-5.5.0.tgz?cache=0&sync_timestamp=1635212582127&other_urls=https%3A%2F%2Fregistry.npmmirror.com%2Fhtml-webpack-plugin%2Fdownload%2Fhtml-webpack-plugin-5.5.0.tgz#c3911936f57681c1f9f4d8b68c158cd9dfe52f50"
    integrity sha1-w5EZNvV2gcH59Ni2jBWM2d/lL1A=
    dependencies:
      "@types/html-minifier-terser" "^6.0.0"
      html-minifier-terser "^6.0.2"
      lodash "^4.17.21"
      pretty-error "^4.0.0"
      tapable "^2.0.0"
  
  htmlparser2@^6.1.0:
    version "6.1.0"
    resolved "https://registry.nlark.com/htmlparser2/download/htmlparser2-6.1.0.tgz?cache=0&sync_timestamp=1631386311915&other_urls=https%3A%2F%2Fregistry.nlark.com%2Fhtmlparser2%2Fdownload%2Fhtmlparser2-6.1.0.tgz#c4d762b6c3371a05dbe65e94ae43a9f845fb8fb7"
    integrity sha1-xNditsM3GgXb5l6UrkOp+EX7j7c=
    dependencies:
      domelementtype "^2.0.1"
      domhandler "^4.0.0"
      domutils "^2.5.2"
      entities "^2.0.0"
  
  human-signals@^2.1.0:
    version "2.1.0"
    resolved "https://registry.nlark.com/human-signals/download/human-signals-2.1.0.tgz#dc91fcba42e4d06e4abaed33b3e7a3c02f514ea0"
    integrity sha1-3JH8ukLk0G5Kuu0zs+ejwC9RTqA=
  
  import-local@^3.0.2:
    version "3.0.3"
    resolved "https://registry.npmmirror.com/import-local/download/import-local-3.0.3.tgz?cache=0&sync_timestamp=1633327317807&other_urls=https%3A%2F%2Fregistry.npmmirror.com%2Fimport-local%2Fdownload%2Fimport-local-3.0.3.tgz#4d51c2c495ca9393da259ec66b62e022920211e0"
    integrity sha1-TVHCxJXKk5PaJZ7Ga2LgIpICEeA=
    dependencies:
      pkg-dir "^4.2.0"
      resolve-cwd "^3.0.0"
  
  inflight@^1.0.4:
    version "1.0.6"
    resolved "https://registry.npm.taobao.org/inflight/download/inflight-1.0.6.tgz#49bd6331d7d02d0c09bc910a1075ba8165b56df9"
    integrity sha1-Sb1jMdfQLQwJvJEKEHW6gWW1bfk=
    dependencies:
      once "^1.3.0"
      wrappy "1"
  
  inherits@2:
    version "2.0.4"
    resolved "https://registry.nlark.com/inherits/download/inherits-2.0.4.tgz#0fa2c64f932917c3433a0ded55363aae37416b7c"
    integrity sha1-D6LGT5MpF8NDOg3tVTY6rjdBa3w=
  
  interpret@^2.2.0:
    version "2.2.0"
    resolved "https://registry.nlark.com/interpret/download/interpret-2.2.0.tgz?cache=0&other_urls=https%3A%2F%2Fregistry.nlark.com%2Finterpret%2Fdownload%2Finterpret-2.2.0.tgz#1a78a0b5965c40a5416d007ad6f50ad27c417df9"
    integrity sha1-GnigtZZcQKVBbQB61vUK0nxBffk=
  
  is-core-module@^2.2.0:
    version "2.8.0"
    resolved "https://registry.npmmirror.com/is-core-module/download/is-core-module-2.8.0.tgz#0321336c3d0925e497fd97f5d95cb114a5ccd548"
    integrity sha1-AyEzbD0JJeSX/Zf12VyxFKXM1Ug=
    dependencies:
      has "^1.0.3"
  
  is-path-cwd@^2.0.0:
    version "2.2.0"
    resolved "https://registry.nlark.com/is-path-cwd/download/is-path-cwd-2.2.0.tgz#67d43b82664a7b5191fd9119127eb300048a9fdb"
    integrity sha1-Z9Q7gmZKe1GR/ZEZEn6zAASKn9s=
  
  is-path-in-cwd@^2.0.0:
    version "2.1.0"
    resolved "https://registry.nlark.com/is-path-in-cwd/download/is-path-in-cwd-2.1.0.tgz#bfe2dca26c69f397265a4009963602935a053acb"
    integrity sha1-v+Lcomxp85cmWkAJljYCk1oFOss=
    dependencies:
      is-path-inside "^2.1.0"
  
  is-path-inside@^2.1.0:
    version "2.1.0"
    resolved "https://registry.nlark.com/is-path-inside/download/is-path-inside-2.1.0.tgz?cache=0&sync_timestamp=1620046845369&other_urls=https%3A%2F%2Fregistry.nlark.com%2Fis-path-inside%2Fdownload%2Fis-path-inside-2.1.0.tgz#7c9810587d659a40d27bcdb4d5616eab059494b2"
    integrity sha1-fJgQWH1lmkDSe8201WFuqwWUlLI=
    dependencies:
      path-is-inside "^1.0.2"
  
  is-plain-object@^2.0.4:
    version "2.0.4"
    resolved "https://registry.npm.taobao.org/is-plain-object/download/is-plain-object-2.0.4.tgz#2c163b3fafb1b606d9d17928f05c2a1c38e07677"
    integrity sha1-LBY7P6+xtgbZ0Xko8FwqHDjgdnc=
    dependencies:
      isobject "^3.0.1"
  
  is-stream@^2.0.0:
    version "2.0.1"
    resolved "https://registry.nlark.com/is-stream/download/is-stream-2.0.1.tgz#fac1e3d53b97ad5a9d0ae9cef2389f5810a5c077"
    integrity sha1-+sHj1TuXrVqdCunO8jifWBClwHc=
  
  isexe@^2.0.0:
    version "2.0.0"
    resolved "https://registry.npm.taobao.org/isexe/download/isexe-2.0.0.tgz#e8fbf374dc556ff8947a10dcb0572d633f2cfa10"
    integrity sha1-6PvzdNxVb/iUehDcsFctYz8s+hA=
  
  isobject@^3.0.1:
    version "3.0.1"
    resolved "https://registry.nlark.com/isobject/download/isobject-3.0.1.tgz#4e431e92b11a9731636aa1f9c8d1ccbcfdab78df"
    integrity sha1-TkMekrEalzFjaqH5yNHMvP2reN8=
  
  jest-worker@^27.0.6:
    version "27.3.1"
    resolved "https://registry.npmmirror.com/jest-worker/download/jest-worker-27.3.1.tgz?cache=0&sync_timestamp=1634626737887&other_urls=https%3A%2F%2Fregistry.npmmirror.com%2Fjest-worker%2Fdownload%2Fjest-worker-27.3.1.tgz#0def7feae5b8042be38479799aeb7b5facac24b2"
    integrity sha1-De9/6uW4BCvjhHl5mut7X6ysJLI=
    dependencies:
      "@types/node" "*"
      merge-stream "^2.0.0"
      supports-color "^8.0.0"
  
  json-parse-better-errors@^1.0.2:
    version "1.0.2"
    resolved "https://registry.nlark.com/json-parse-better-errors/download/json-parse-better-errors-1.0.2.tgz#bb867cfb3450e69107c131d1c514bab3dc8bcaa9"
    integrity sha1-u4Z8+zRQ5pEHwTHRxRS6s9yLyqk=
  
  json-schema-traverse@^0.4.1:
    version "0.4.1"
    resolved "https://registry.npm.taobao.org/json-schema-traverse/download/json-schema-traverse-0.4.1.tgz#69f6a87d9513ab8bb8fe63bdb0979c448e684660"
    integrity sha1-afaofZUTq4u4/mO9sJecRI5oRmA=
  
  kind-of@^6.0.2:
    version "6.0.3"
    resolved "https://registry.npm.taobao.org/kind-of/download/kind-of-6.0.3.tgz#07c05034a6c349fa06e24fa35aa76db4580ce4dd"
    integrity sha1-B8BQNKbDSfoG4k+jWqdttFgM5N0=
  
  loader-runner@^4.2.0:
    version "4.2.0"
    resolved "https://registry.nlark.com/loader-runner/download/loader-runner-4.2.0.tgz#d7022380d66d14c5fb1d496b89864ebcfd478384"
    integrity sha1-1wIjgNZtFMX7HUlriYZOvP1Hg4Q=
  
  locate-path@^5.0.0:
    version "5.0.0"
    resolved "https://registry.nlark.com/locate-path/download/locate-path-5.0.0.tgz#1afba396afd676a6d42504d0a67a3a7eb9f62aa0"
    integrity sha1-Gvujlq/WdqbUJQTQpno6frn2KqA=
    dependencies:
      p-locate "^4.1.0"
  
  lodash@^4.17.20, lodash@^4.17.21:
    version "4.17.21"
    resolved "https://registry.nlark.com/lodash/download/lodash-4.17.21.tgz?cache=0&sync_timestamp=1618847150612&other_urls=https%3A%2F%2Fregistry.nlark.com%2Flodash%2Fdownload%2Flodash-4.17.21.tgz#679591c564c3bffaae8454cf0b3df370c3d6911c"
    integrity sha1-Z5WRxWTDv/quhFTPCz3zcMPWkRw=
  
  lower-case@^2.0.2:
    version "2.0.2"
    resolved "https://registry.npm.taobao.org/lower-case/download/lower-case-2.0.2.tgz?cache=0&sync_timestamp=1606867514181&other_urls=https%3A%2F%2Fregistry.npm.taobao.org%2Flower-case%2Fdownload%2Flower-case-2.0.2.tgz#6fa237c63dbdc4a82ca0fd882e4722dc5e634e28"
    integrity sha1-b6I3xj29xKgsoP2ILkci3F5jTig=
    dependencies:
      tslib "^2.0.3"
  
  merge-stream@^2.0.0:
    version "2.0.0"
    resolved "https://registry.nlark.com/merge-stream/download/merge-stream-2.0.0.tgz#52823629a14dd00c9770fb6ad47dc6310f2c1f60"
    integrity sha1-UoI2KaFN0AyXcPtq1H3GMQ8sH2A=
  
  mime-db@1.50.0:
    version "1.50.0"
    resolved "https://registry.nlark.com/mime-db/download/mime-db-1.50.0.tgz?cache=0&sync_timestamp=1631863129751&other_urls=https%3A%2F%2Fregistry.nlark.com%2Fmime-db%2Fdownload%2Fmime-db-1.50.0.tgz#abd4ac94e98d3c0e185016c67ab45d5fde40c11f"
    integrity sha1-q9SslOmNPA4YUBbGerRdX95AwR8=
  
  mime-types@^2.1.27:
    version "2.1.33"
    resolved "https://registry.npmmirror.com/mime-types/download/mime-types-2.1.33.tgz?cache=0&sync_timestamp=1633108241037&other_urls=https%3A%2F%2Fregistry.npmmirror.com%2Fmime-types%2Fdownload%2Fmime-types-2.1.33.tgz#1fa12a904472fafd068e48d9e8401f74d3f70edb"
    integrity sha1-H6EqkERy+v0GjkjZ6EAfdNP3Dts=
    dependencies:
      mime-db "1.50.0"
  
  mimic-fn@^2.1.0:
    version "2.1.0"
    resolved "https://registry.nlark.com/mimic-fn/download/mimic-fn-2.1.0.tgz#7ed2c2ccccaf84d3ffcb7a69b57711fc2083401b"
    integrity sha1-ftLCzMyvhNP/y3pptXcR/CCDQBs=
  
  minimatch@^3.0.4:
    version "3.0.4"
    resolved "https://registry.npm.taobao.org/minimatch/download/minimatch-3.0.4.tgz#5166e286457f03306064be5497e8dbb0c3d32083"
    integrity sha1-UWbihkV/AzBgZL5Ul+jbsMPTIIM=
    dependencies:
      brace-expansion "^1.1.7"
  
  neo-async@^2.6.2:
    version "2.6.2"
    resolved "https://registry.npm.taobao.org/neo-async/download/neo-async-2.6.2.tgz#b4aafb93e3aeb2d8174ca53cf163ab7d7308305f"
    integrity sha1-tKr7k+OustgXTKU88WOrfXMIMF8=
  
  no-case@^3.0.4:
    version "3.0.4"
    resolved "https://registry.nlark.com/no-case/download/no-case-3.0.4.tgz#d361fd5c9800f558551a8369fc0dcd4662b6124d"
    integrity sha1-02H9XJgA9VhVGoNp/A3NRmK2Ek0=
    dependencies:
      lower-case "^2.0.2"
      tslib "^2.0.3"
  
  node-releases@^2.0.1:
    version "2.0.1"
    resolved "https://registry.npmmirror.com/node-releases/download/node-releases-2.0.1.tgz?cache=0&sync_timestamp=1634806914912&other_urls=https%3A%2F%2Fregistry.npmmirror.com%2Fnode-releases%2Fdownload%2Fnode-releases-2.0.1.tgz#3d1d395f204f1f2f29a54358b9fb678765ad2fc5"
    integrity sha1-PR05XyBPHy8ppUNYuftnh2WtL8U=
  
  npm-run-path@^4.0.1:
    version "4.0.1"
    resolved "https://registry.npmmirror.com/npm-run-path/download/npm-run-path-4.0.1.tgz?cache=0&sync_timestamp=1633420549182&other_urls=https%3A%2F%2Fregistry.npmmirror.com%2Fnpm-run-path%2Fdownload%2Fnpm-run-path-4.0.1.tgz#b7ecd1e5ed53da8e37a55e1c2269e0b97ed748ea"
    integrity sha1-t+zR5e1T2o43pV4cImnguX7XSOo=
    dependencies:
      path-key "^3.0.0"
  
  nth-check@^2.0.0:
    version "2.0.1"
    resolved "https://registry.nlark.com/nth-check/download/nth-check-2.0.1.tgz?cache=0&sync_timestamp=1631793617973&other_urls=https%3A%2F%2Fregistry.nlark.com%2Fnth-check%2Fdownload%2Fnth-check-2.0.1.tgz#2efe162f5c3da06a28959fbd3db75dbeea9f0fc2"
    integrity sha1-Lv4WL1w9oGoolZ+9PbddvuqfD8I=
    dependencies:
      boolbase "^1.0.0"
  
  object-assign@^4.0.1:
    version "4.1.1"
    resolved "https://registry.nlark.com/object-assign/download/object-assign-4.1.1.tgz?cache=0&sync_timestamp=1618847240432&other_urls=https%3A%2F%2Fregistry.nlark.com%2Fobject-assign%2Fdownload%2Fobject-assign-4.1.1.tgz#2109adc7965887cfc05cbbd442cac8bfbb360863"
    integrity sha1-IQmtx5ZYh8/AXLvUQsrIv7s2CGM=
  
  once@^1.3.0:
    version "1.4.0"
    resolved "https://registry.nlark.com/once/download/once-1.4.0.tgz#583b1aa775961d4b113ac17d9c50baef9dd76bd1"
    integrity sha1-WDsap3WWHUsROsF9nFC6753Xa9E=
    dependencies:
      wrappy "1"
  
  onetime@^5.1.2:
    version "5.1.2"
    resolved "https://registry.nlark.com/onetime/download/onetime-5.1.2.tgz#d0e96ebb56b07476df1dd9c4806e5237985ca45e"
    integrity sha1-0Oluu1awdHbfHdnEgG5SN5hcpF4=
    dependencies:
      mimic-fn "^2.1.0"
  
  p-limit@^2.2.0:
    version "2.3.0"
    resolved "https://registry.nlark.com/p-limit/download/p-limit-2.3.0.tgz#3dd33c647a214fdfffd835933eb086da0dc21db1"
    integrity sha1-PdM8ZHohT9//2DWTPrCG2g3CHbE=
    dependencies:
      p-try "^2.0.0"
  
  p-limit@^3.1.0:
    version "3.1.0"
    resolved "https://registry.nlark.com/p-limit/download/p-limit-3.1.0.tgz#e1daccbe78d0d1388ca18c64fea38e3e57e3706b"
    integrity sha1-4drMvnjQ0TiMoYxk/qOOPlfjcGs=
    dependencies:
      yocto-queue "^0.1.0"
  
  p-locate@^4.1.0:
    version "4.1.0"
    resolved "https://registry.nlark.com/p-locate/download/p-locate-4.1.0.tgz?cache=0&sync_timestamp=1629892721671&other_urls=https%3A%2F%2Fregistry.nlark.com%2Fp-locate%2Fdownload%2Fp-locate-4.1.0.tgz#a3428bb7088b3a60292f66919278b7c297ad4f07"
    integrity sha1-o0KLtwiLOmApL2aRkni3wpetTwc=
    dependencies:
      p-limit "^2.2.0"
  
  p-map@^2.0.0:
    version "2.1.0"
    resolved "https://registry.npmmirror.com/p-map/download/p-map-2.1.0.tgz?cache=0&sync_timestamp=1635321371446&other_urls=https%3A%2F%2Fregistry.npmmirror.com%2Fp-map%2Fdownload%2Fp-map-2.1.0.tgz#310928feef9c9ecc65b68b17693018a665cea175"
    integrity sha1-MQko/u+cnsxltosXaTAYpmXOoXU=
  
  p-try@^2.0.0:
    version "2.2.0"
    resolved "https://registry.npmmirror.com/p-try/download/p-try-2.2.0.tgz#cb2868540e313d61de58fafbe35ce9004d5540e6"
    integrity sha1-yyhoVA4xPWHeWPr741zpAE1VQOY=
  
  param-case@^3.0.4:
    version "3.0.4"
    resolved "https://registry.nlark.com/param-case/download/param-case-3.0.4.tgz#7d17fe4aa12bde34d4a77d91acfb6219caad01c5"
    integrity sha1-fRf+SqEr3jTUp32RrPtiGcqtAcU=
    dependencies:
      dot-case "^3.0.4"
      tslib "^2.0.3"
  
  pascal-case@^3.1.2:
    version "3.1.2"
    resolved "https://registry.nlark.com/pascal-case/download/pascal-case-3.1.2.tgz#b48e0ef2b98e205e7c1dae747d0b1508237660eb"
    integrity sha1-tI4O8rmOIF58Ha50fQsVCCN2YOs=
    dependencies:
      no-case "^3.0.4"
      tslib "^2.0.3"
  
  path-exists@^4.0.0:
    version "4.0.0"
    resolved "https://registry.nlark.com/path-exists/download/path-exists-4.0.0.tgz#513bdbe2d3b95d7762e8c1137efa195c6c61b5b3"
    integrity sha1-UTvb4tO5XXdi6METfvoZXGxhtbM=
  
  path-is-absolute@^1.0.0:
    version "1.0.1"
    resolved "https://registry.npm.taobao.org/path-is-absolute/download/path-is-absolute-1.0.1.tgz#174b9268735534ffbc7ace6bf53a5a9e1b5c5f5f"
    integrity sha1-F0uSaHNVNP+8es5r9TpanhtcX18=
  
  path-is-inside@^1.0.2:
    version "1.0.2"
    resolved "https://registry.npm.taobao.org/path-is-inside/download/path-is-inside-1.0.2.tgz#365417dede44430d1c11af61027facf074bdfc53"
    integrity sha1-NlQX3t5EQw0cEa9hAn+s8HS9/FM=
  
  path-key@^3.0.0, path-key@^3.1.0:
    version "3.1.1"
    resolved "https://registry.nlark.com/path-key/download/path-key-3.1.1.tgz#581f6ade658cbba65a0d3380de7753295054f375"
    integrity sha1-WB9q3mWMu6ZaDTOA3ndTKVBU83U=
  
  path-parse@^1.0.6:
    version "1.0.7"
    resolved "https://registry.nlark.com/path-parse/download/path-parse-1.0.7.tgz#fbc114b60ca42b30d9daf5858e4bd68bbedb6735"
    integrity sha1-+8EUtgykKzDZ2vWFjkvWi77bZzU=
  
  picocolors@^1.0.0:
    version "1.0.0"
    resolved "https://registry.npmmirror.com/picocolors/download/picocolors-1.0.0.tgz?cache=0&sync_timestamp=1634093378416&other_urls=https%3A%2F%2Fregistry.npmmirror.com%2Fpicocolors%2Fdownload%2Fpicocolors-1.0.0.tgz#cb5bdc74ff3f51892236eaf79d68bc44564ab81c"
    integrity sha1-y1vcdP8/UYkiNur3nWi8RFZKuBw=
  
  pify@^2.0.0:
    version "2.3.0"
    resolved "https://registry.nlark.com/pify/download/pify-2.3.0.tgz#ed141a6ac043a849ea588498e7dca8b15330e90c"
    integrity sha1-7RQaasBDqEnqWISY59yosVMw6Qw=
  
  pify@^4.0.1:
    version "4.0.1"
    resolved "https://registry.nlark.com/pify/download/pify-4.0.1.tgz#4b2cd25c50d598735c50292224fd8c6df41e3231"
    integrity sha1-SyzSXFDVmHNcUCkiJP2MbfQeMjE=
  
  pinkie-promise@^2.0.0:
    version "2.0.1"
    resolved "https://registry.npm.taobao.org/pinkie-promise/download/pinkie-promise-2.0.1.tgz#2135d6dfa7a358c069ac9b178776288228450ffa"
    integrity sha1-ITXW36ejWMBprJsXh3YogihFD/o=
    dependencies:
      pinkie "^2.0.0"
  
  pinkie@^2.0.0:
    version "2.0.4"
    resolved "https://registry.nlark.com/pinkie/download/pinkie-2.0.4.tgz#72556b80cfa0d48a974e80e77248e80ed4f7f870"
    integrity sha1-clVrgM+g1IqXToDnckjoDtT3+HA=
  
  pkg-dir@^4.2.0:
    version "4.2.0"
    resolved "https://registry.npmmirror.com/pkg-dir/download/pkg-dir-4.2.0.tgz?cache=0&sync_timestamp=1633498133295&other_urls=https%3A%2F%2Fregistry.npmmirror.com%2Fpkg-dir%2Fdownload%2Fpkg-dir-4.2.0.tgz#f099133df7ede422e81d1d8448270eeb3e4261f3"
    integrity sha1-8JkTPfft5CLoHR2ESCcO6z5CYfM=
    dependencies:
      find-up "^4.0.0"
  
  pretty-error@^4.0.0:
    version "4.0.0"
    resolved "https://registry.npmmirror.com/pretty-error/download/pretty-error-4.0.0.tgz#90a703f46dd7234adb46d0f84823e9d1cb8f10d6"
    integrity sha1-kKcD9G3XI0rbRtD4SCPp0cuPENY=
    dependencies:
      lodash "^4.17.20"
      renderkid "^3.0.0"
  
  punycode@^2.1.0:
    version "2.1.1"
    resolved "https://registry.nlark.com/punycode/download/punycode-2.1.1.tgz#b58b010ac40c22c5657616c8d2c2c02c7bf479ec"
    integrity sha1-tYsBCsQMIsVldhbI0sLALHv0eew=
  
  randombytes@^2.1.0:
    version "2.1.0"
    resolved "https://registry.nlark.com/randombytes/download/randombytes-2.1.0.tgz#df6f84372f0270dc65cdf6291349ab7a473d4f2a"
    integrity sha1-32+ENy8CcNxlzfYpE0mrekc9Tyo=
    dependencies:
      safe-buffer "^5.1.0"
  
  rechoir@^0.7.0:
    version "0.7.1"
    resolved "https://registry.nlark.com/rechoir/download/rechoir-0.7.1.tgz#9478a96a1ca135b5e88fc027f03ee92d6c645686"
    integrity sha1-lHipahyhNbXoj8An8D7pLWxkVoY=
    dependencies:
      resolve "^1.9.0"
  
  relateurl@^0.2.7:
    version "0.2.7"
    resolved "https://registry.nlark.com/relateurl/download/relateurl-0.2.7.tgz#54dbf377e51440aca90a4cd274600d3ff2d888a9"
    integrity sha1-VNvzd+UUQKypCkzSdGANP/LYiKk=
  
  renderkid@^3.0.0:
    version "3.0.0"
    resolved "https://registry.npmmirror.com/renderkid/download/renderkid-3.0.0.tgz#5fd823e4d6951d37358ecc9a58b1f06836b6268a"
    integrity sha1-X9gj5NaVHTc1jsyaWLHwaDa2Joo=
    dependencies:
      css-select "^4.1.3"
      dom-converter "^0.2.0"
      htmlparser2 "^6.1.0"
      lodash "^4.17.21"
      strip-ansi "^6.0.1"
  
  resolve-cwd@^3.0.0:
    version "3.0.0"
    resolved "https://registry.nlark.com/resolve-cwd/download/resolve-cwd-3.0.0.tgz#0f0075f1bb2544766cf73ba6a6e2adfebcb13f2d"
    integrity sha1-DwB18bslRHZs9zumpuKt/ryxPy0=
    dependencies:
      resolve-from "^5.0.0"
  
  resolve-from@^5.0.0:
    version "5.0.0"
    resolved "https://registry.nlark.com/resolve-from/download/resolve-from-5.0.0.tgz#c35225843df8f776df21c57557bc087e9dfdfc69"
    integrity sha1-w1IlhD3493bfIcV1V7wIfp39/Gk=
  
  resolve@^1.9.0:
    version "1.20.0"
    resolved "https://registry.npm.taobao.org/resolve/download/resolve-1.20.0.tgz#629a013fb3f70755d6f0b7935cc1c2c5378b1975"
    integrity sha1-YpoBP7P3B1XW8LeTXMHCxTeLGXU=
    dependencies:
      is-core-module "^2.2.0"
      path-parse "^1.0.6"
  
  rimraf@^2.6.3:
    version "2.7.1"
    resolved "https://registry.npm.taobao.org/rimraf/download/rimraf-2.7.1.tgz#35797f13a7fdadc566142c29d4f07ccad483e3ec"
    integrity sha1-NXl/E6f9rcVmFCwp1PB8ytSD4+w=
    dependencies:
      glob "^7.1.3"
  
  safe-buffer@^5.1.0:
    version "5.2.1"
    resolved "https://registry.nlark.com/safe-buffer/download/safe-buffer-5.2.1.tgz#1eaf9fa9bdb1fdd4ec75f58f9cdb4e6b7827eec6"
    integrity sha1-Hq+fqb2x/dTsdfWPnNtOa3gn7sY=
  
  schema-utils@^3.1.0, schema-utils@^3.1.1:
    version "3.1.1"
    resolved "https://registry.nlark.com/schema-utils/download/schema-utils-3.1.1.tgz?cache=0&sync_timestamp=1626694835325&other_urls=https%3A%2F%2Fregistry.nlark.com%2Fschema-utils%2Fdownload%2Fschema-utils-3.1.1.tgz#bc74c4b6b6995c1d88f76a8b77bea7219e0c8281"
    integrity sha1-vHTEtraZXB2I92qLd76nIZ4MgoE=
    dependencies:
      "@types/json-schema" "^7.0.8"
      ajv "^6.12.5"
      ajv-keywords "^3.5.2"
  
  serialize-javascript@^6.0.0:
    version "6.0.0"
    resolved "https://registry.nlark.com/serialize-javascript/download/serialize-javascript-6.0.0.tgz?cache=0&sync_timestamp=1624284111898&other_urls=https%3A%2F%2Fregistry.nlark.com%2Fserialize-javascript%2Fdownload%2Fserialize-javascript-6.0.0.tgz#efae5d88f45d7924141da8b5c3a7a7e663fefeb8"
    integrity sha1-765diPRdeSQUHai1w6en5mP+/rg=
    dependencies:
      randombytes "^2.1.0"
  
  shallow-clone@^3.0.0:
    version "3.0.1"
    resolved "https://registry.npm.taobao.org/shallow-clone/download/shallow-clone-3.0.1.tgz#8f2981ad92531f55035b01fb230769a40e02efa3"
    integrity sha1-jymBrZJTH1UDWwH7IwdppA4C76M=
    dependencies:
      kind-of "^6.0.2"
  
  shebang-command@^2.0.0:
    version "2.0.0"
    resolved "https://registry.nlark.com/shebang-command/download/shebang-command-2.0.0.tgz#ccd0af4f8835fbdc265b82461aaf0c36663f34ea"
    integrity sha1-zNCvT4g1+9wmW4JGGq8MNmY/NOo=
    dependencies:
      shebang-regex "^3.0.0"
  
  shebang-regex@^3.0.0:
    version "3.0.0"
    resolved "https://registry.nlark.com/shebang-regex/download/shebang-regex-3.0.0.tgz#ae16f1644d873ecad843b0307b143362d4c42172"
    integrity sha1-rhbxZE2HPsrYQ7AwexQzYtTEIXI=
  
  signal-exit@^3.0.3:
    version "3.0.5"
    resolved "https://registry.npmmirror.com/signal-exit/download/signal-exit-3.0.5.tgz?cache=0&sync_timestamp=1632948374592&other_urls=https%3A%2F%2Fregistry.npmmirror.com%2Fsignal-exit%2Fdownload%2Fsignal-exit-3.0.5.tgz#9e3e8cc0c75a99472b44321033a7702e7738252f"
    integrity sha1-nj6MwMdamUcrRDIQM6dwLnc4JS8=
  
  source-map-support@~0.5.20:
    version "0.5.20"
    resolved "https://registry.nlark.com/source-map-support/download/source-map-support-0.5.20.tgz#12166089f8f5e5e8c56926b377633392dd2cb6c9"
    integrity sha1-EhZgifj15ejFaSazd2Mzkt0stsk=
    dependencies:
      buffer-from "^1.0.0"
      source-map "^0.6.0"
  
  source-map@^0.6.0, source-map@^0.6.1, source-map@~0.6.0:
    version "0.6.1"
    resolved "https://registry.nlark.com/source-map/download/source-map-0.6.1.tgz#74722af32e9614e9c287a8d0bbde48b5e2f1a263"
    integrity sha1-dHIq8y6WFOnCh6jQu95IteLxomM=
  
  source-map@~0.7.2:
    version "0.7.3"
    resolved "https://registry.nlark.com/source-map/download/source-map-0.7.3.tgz#5302f8169031735226544092e64981f751750383"
    integrity sha1-UwL4FpAxc1ImVECS5kmB91F1A4M=
  
  strip-ansi@^6.0.1:
    version "6.0.1"
    resolved "https://registry.npmmirror.com/strip-ansi/download/strip-ansi-6.0.1.tgz#9e26c63d30f53443e9489495b2105d37b67a85d9"
    integrity sha1-nibGPTD1NEPpSJSVshBdN7Z6hdk=
    dependencies:
      ansi-regex "^5.0.1"
  
  strip-final-newline@^2.0.0:
    version "2.0.0"
    resolved "https://registry.nlark.com/strip-final-newline/download/strip-final-newline-2.0.0.tgz#89b852fb2fcbe936f6f4b3187afb0a12c1ab58ad"
    integrity sha1-ibhS+y/L6Tb29LMYevsKEsGrWK0=
  
  supports-color@^8.0.0:
    version "8.1.1"
    resolved "https://registry.nlark.com/supports-color/download/supports-color-8.1.1.tgz#cd6fc17e28500cff56c1b86c0a7fd4a54a73005c"
    integrity sha1-zW/BfihQDP9WwbhsCn/UpUpzAFw=
    dependencies:
      has-flag "^4.0.0"
  
  tapable@^2.0.0, tapable@^2.1.1, tapable@^2.2.0:
    version "2.2.1"
    resolved "https://registry.nlark.com/tapable/download/tapable-2.2.1.tgz?cache=0&sync_timestamp=1631526982870&other_urls=https%3A%2F%2Fregistry.nlark.com%2Ftapable%2Fdownload%2Ftapable-2.2.1.tgz#1967a73ef4060a82f12ab96af86d52fdb76eeca0"
    integrity sha1-GWenPvQGCoLxKrlq+G1S/bdu7KA=
  
  terser-webpack-plugin@^5.1.3:
    version "5.2.4"
    resolved "https://registry.nlark.com/terser-webpack-plugin/download/terser-webpack-plugin-5.2.4.tgz?cache=0&sync_timestamp=1631202382133&other_urls=https%3A%2F%2Fregistry.nlark.com%2Fterser-webpack-plugin%2Fdownload%2Fterser-webpack-plugin-5.2.4.tgz#ad1be7639b1cbe3ea49fab995cbe7224b31747a1"
    integrity sha1-rRvnY5scvj6kn6uZXL5yJLMXR6E=
    dependencies:
      jest-worker "^27.0.6"
      p-limit "^3.1.0"
      schema-utils "^3.1.1"
      serialize-javascript "^6.0.0"
      source-map "^0.6.1"
      terser "^5.7.2"
  
  terser@^5.7.2:
    version "5.9.0"
    resolved "https://registry.nlark.com/terser/download/terser-5.9.0.tgz#47d6e629a522963240f2b55fcaa3c99083d2c351"
    integrity sha1-R9bmKaUiljJA8rVfyqPJkIPSw1E=
    dependencies:
      commander "^2.20.0"
      source-map "~0.7.2"
      source-map-support "~0.5.20"
  
  tslib@^2.0.3:
    version "2.3.1"
    resolved "https://registry.nlark.com/tslib/download/tslib-2.3.1.tgz#e8a335add5ceae51aa261d32a490158ef042ef01"
    integrity sha1-6KM1rdXOrlGqJh0ypJAVjvBC7wE=
  
  uri-js@^4.2.2:
    version "4.4.1"
    resolved "https://registry.npm.taobao.org/uri-js/download/uri-js-4.4.1.tgz?cache=0&sync_timestamp=1610237641463&other_urls=https%3A%2F%2Fregistry.npm.taobao.org%2Furi-js%2Fdownload%2Furi-js-4.4.1.tgz#9b1a52595225859e55f669d928f88c6c57f2a77e"
    integrity sha1-mxpSWVIlhZ5V9mnZKPiMbFfyp34=
    dependencies:
      punycode "^2.1.0"
  
  utila@~0.4:
    version "0.4.0"
    resolved "https://registry.nlark.com/utila/download/utila-0.4.0.tgz#8a16a05d445657a3aea5eecc5b12a4fa5379772c"
    integrity sha1-ihagXURWV6Oupe7MWxKk+lN5dyw=
  
  vue@^2.6.14:
    version "2.6.14"
    resolved "https://registry.npmmirror.com/vue/download/vue-2.6.14.tgz?cache=0&sync_timestamp=1633712555314&other_urls=https%3A%2F%2Fregistry.npmmirror.com%2Fvue%2Fdownload%2Fvue-2.6.14.tgz#e51aa5250250d569a3fbad3a8a5a687d6036e235"
    integrity sha1-5RqlJQJQ1Wmj+606ilpofWA24jU=
  
  watchpack@^2.2.0:
    version "2.2.0"
    resolved "https://registry.nlark.com/watchpack/download/watchpack-2.2.0.tgz#47d78f5415fe550ecd740f99fe2882323a58b1ce"
    integrity sha1-R9ePVBX+VQ7NdA+Z/iiCMjpYsc4=
    dependencies:
      glob-to-regexp "^0.4.1"
      graceful-fs "^4.1.2"
  
  webpack-cli@^4.9.1:
    version "4.9.1"
    resolved "https://registry.npmmirror.com/webpack-cli/download/webpack-cli-4.9.1.tgz?cache=0&sync_timestamp=1634556367815&other_urls=https%3A%2F%2Fregistry.npmmirror.com%2Fwebpack-cli%2Fdownload%2Fwebpack-cli-4.9.1.tgz#b64be825e2d1b130f285c314caa3b1ba9a4632b3"
    integrity sha1-tkvoJeLRsTDyhcMUyqOxuppGMrM=
    dependencies:
      "@discoveryjs/json-ext" "^0.5.0"
      "@webpack-cli/configtest" "^1.1.0"
      "@webpack-cli/info" "^1.4.0"
      "@webpack-cli/serve" "^1.6.0"
      colorette "^2.0.14"
      commander "^7.0.0"
      execa "^5.0.0"
      fastest-levenshtein "^1.0.12"
      import-local "^3.0.2"
      interpret "^2.2.0"
      rechoir "^0.7.0"
      webpack-merge "^5.7.3"
  
  webpack-merge@^5.7.3:
    version "5.8.0"
    resolved "https://registry.nlark.com/webpack-merge/download/webpack-merge-5.8.0.tgz#2b39dbf22af87776ad744c390223731d30a68f61"
    integrity sha1-Kznb8ir4d3atdEw5AiNzHTCmj2E=
    dependencies:
      clone-deep "^4.0.1"
      wildcard "^2.0.0"
  
  webpack-sources@^3.2.0:
    version "3.2.1"
    resolved "https://registry.nlark.com/webpack-sources/download/webpack-sources-3.2.1.tgz#251a7d9720d75ada1469ca07dbb62f3641a05b6d"
    integrity sha1-JRp9lyDXWtoUacoH27YvNkGgW20=
  
  webpack@^5.61.0:
    version "5.61.0"
    resolved "https://registry.npmmirror.com/webpack/download/webpack-5.61.0.tgz?cache=0&sync_timestamp=1635520736057&other_urls=https%3A%2F%2Fregistry.npmmirror.com%2Fwebpack%2Fdownload%2Fwebpack-5.61.0.tgz#fa827f0ee9bdfd141dd73c3e891e955ebd52fe7f"
    integrity sha1-+oJ/Dum9/RQd1zw+iR6VXr1S/n8=
    dependencies:
      "@types/eslint-scope" "^3.7.0"
      "@types/estree" "^0.0.50"
      "@webassemblyjs/ast" "1.11.1"
      "@webassemblyjs/wasm-edit" "1.11.1"
      "@webassemblyjs/wasm-parser" "1.11.1"
      acorn "^8.4.1"
      acorn-import-assertions "^1.7.6"
      browserslist "^4.14.5"
      chrome-trace-event "^1.0.2"
      enhanced-resolve "^5.8.3"
      es-module-lexer "^0.9.0"
      eslint-scope "5.1.1"
      events "^3.2.0"
      glob-to-regexp "^0.4.1"
      graceful-fs "^4.2.4"
      json-parse-better-errors "^1.0.2"
      loader-runner "^4.2.0"
      mime-types "^2.1.27"
      neo-async "^2.6.2"
      schema-utils "^3.1.0"
      tapable "^2.1.1"
      terser-webpack-plugin "^5.1.3"
      watchpack "^2.2.0"
      webpack-sources "^3.2.0"
  
  which@^2.0.1:
    version "2.0.2"
    resolved "https://registry.nlark.com/which/download/which-2.0.2.tgz#7c6a8dd0a636a0327e10b59c9286eee93f3f51b1"
    integrity sha1-fGqN0KY2oDJ+ELWckobu6T8/UbE=
    dependencies:
      isexe "^2.0.0"
  
  wildcard@^2.0.0:
    version "2.0.0"
    resolved "https://registry.npm.taobao.org/wildcard/download/wildcard-2.0.0.tgz#a77d20e5200c6faaac979e4b3aadc7b3dd7f8fec"
    integrity sha1-p30g5SAMb6qsl55LOq3Hs91/j+w=
  
  wrappy@1:
    version "1.0.2"
    resolved "https://registry.nlark.com/wrappy/download/wrappy-1.0.2.tgz?cache=0&sync_timestamp=1619133505879&other_urls=https%3A%2F%2Fregistry.nlark.com%2Fwrappy%2Fdownload%2Fwrappy-1.0.2.tgz#b5243d8f3ec1aa35f1364605bc0d1036e30ab69f"
    integrity sha1-tSQ9jz7BqjXxNkYFvA0QNuMKtp8=
  
  yocto-queue@^0.1.0:
    version "0.1.0"
    resolved "https://registry.nlark.com/yocto-queue/download/yocto-queue-0.1.0.tgz?cache=0&sync_timestamp=1628813299341&other_urls=https%3A%2F%2Fregistry.nlark.com%2Fyocto-queue%2Fdownload%2Fyocto-queue-0.1.0.tgz#0294eb3dee05028d31ee1a5fa2c556a6aaf10a1b"
    integrity sha1-ApTrPe4FAo0x7hpfosVWpqrxChs=
