2021-11-08 00:00:01,013 INFO 58083 [egg-logrotator] app logger reload: got log-reload message
2021-11-08 00:04:11,776 INFO 58320 [egg:logger] init all loggers with options: {"dir":"/Users/fenghuhu/myGithub/vue-pc/admin-service/logs/egg-server","encoding":"utf8","env":"local","level":"INFO","consoleLevel":"INFO","disableConsoleAfterReady":false,"outputJSON":false,"buffer":true,"appLogName":"egg-server-web.log","coreLogName":"egg-web.log","agentLogName":"egg-agent.log","errorLogName":"common-error.log","coreLogger":{"consoleLevel":"WARN"},"allowDebugAtProd":false,"type":"application"}
2021-11-08 00:04:11,795 INFO 58320 [egg-multipart] stream mode enable
2021-11-08 00:04:11,848 INFO 58320 [egg-static] starting static serve /public/ -> /Users/fenghuhu/myGithub/vue-pc/admin-service/app/public
2021-11-08 00:04:11,850 INFO 58320 [egg-security] use methodnoallow middleware
2021-11-08 00:04:11,850 INFO 58320 [egg-security] use noopen middleware
2021-11-08 00:04:11,851 INFO 58320 [egg-security] use nosniff middleware
2021-11-08 00:04:11,851 INFO 58320 [egg-security] use xssProtection middleware
2021-11-08 00:04:11,852 INFO 58320 [egg-security] use xframe middleware
2021-11-08 00:04:11,852 INFO 58320 [egg-security] use dta middleware
2021-11-08 00:04:11,852 INFO 58320 [egg-security] compose 6 middlewares into one security middleware
2021-11-08 00:04:11,857 INFO 58320 [egg:core] dump config after load, 2ms
2021-11-08 00:04:11,868 INFO 58320 [egg-watcher:application] watcher start success
2021-11-08 00:04:11,872 INFO 58320 [egg:core] dump config after ready, 3ms
2021-11-08 00:04:12,788 INFO 58322 [egg:logger] init all loggers with options: {"dir":"/Users/fenghuhu/myGithub/vue-pc/admin-service/logs/egg-server","encoding":"utf8","env":"local","level":"INFO","consoleLevel":"INFO","disableConsoleAfterReady":false,"outputJSON":false,"buffer":true,"appLogName":"egg-server-web.log","coreLogName":"egg-web.log","agentLogName":"egg-agent.log","errorLogName":"common-error.log","coreLogger":{"consoleLevel":"WARN"},"allowDebugAtProd":false,"type":"application"}
2021-11-08 00:04:12,806 INFO 58322 [egg-multipart] stream mode enable
2021-11-08 00:04:12,855 INFO 58322 [egg-static] starting static serve /public/ -> /Users/fenghuhu/myGithub/vue-pc/admin-service/app/public
2021-11-08 00:04:12,857 INFO 58322 [egg-security] use methodnoallow middleware
2021-11-08 00:04:12,857 INFO 58322 [egg-security] use noopen middleware
2021-11-08 00:04:12,857 INFO 58322 [egg-security] use nosniff middleware
2021-11-08 00:04:12,858 INFO 58322 [egg-security] use xssProtection middleware
2021-11-08 00:04:12,858 INFO 58322 [egg-security] use xframe middleware
2021-11-08 00:04:12,858 INFO 58322 [egg-security] use dta middleware
2021-11-08 00:04:12,858 INFO 58322 [egg-security] compose 6 middlewares into one security middleware
2021-11-08 00:04:12,864 INFO 58322 [egg:core] dump config after load, 3ms
2021-11-08 00:04:12,875 INFO 58322 [egg-watcher:application] watcher start success
2021-11-08 00:04:12,880 INFO 58322 [egg:core] dump config after ready, 4ms
2021-11-08 00:04:17,998 INFO 58334 [egg:logger] init all loggers with options: {"dir":"/Users/fenghuhu/myGithub/vue-pc/admin-service/logs/egg-server","encoding":"utf8","env":"local","level":"INFO","consoleLevel":"INFO","disableConsoleAfterReady":false,"outputJSON":false,"buffer":true,"appLogName":"egg-server-web.log","coreLogName":"egg-web.log","agentLogName":"egg-agent.log","errorLogName":"common-error.log","coreLogger":{"consoleLevel":"WARN"},"allowDebugAtProd":false,"type":"application"}
2021-11-08 00:04:18,017 INFO 58334 [egg-multipart] stream mode enable
2021-11-08 00:04:18,070 INFO 58334 [egg-static] starting static serve /public/ -> /Users/fenghuhu/myGithub/vue-pc/admin-service/app/public
2021-11-08 00:04:18,072 INFO 58334 [egg-security] use methodnoallow middleware
2021-11-08 00:04:18,072 INFO 58334 [egg-security] use noopen middleware
2021-11-08 00:04:18,072 INFO 58334 [egg-security] use nosniff middleware
2021-11-08 00:04:18,073 INFO 58334 [egg-security] use xssProtection middleware
2021-11-08 00:04:18,073 INFO 58334 [egg-security] use xframe middleware
2021-11-08 00:04:18,073 INFO 58334 [egg-security] use dta middleware
2021-11-08 00:04:18,074 INFO 58334 [egg-security] compose 6 middlewares into one security middleware
2021-11-08 00:04:18,079 INFO 58334 [egg:core] dump config after load, 3ms
2021-11-08 00:04:18,088 INFO 58334 [egg-watcher:application] watcher start success
2021-11-08 00:04:18,093 INFO 58334 [egg:core] dump config after ready, 4ms
